app/build/intermediates/manifest_merge_blame_file/debug/manifest-merger-blame-debug-report.txt
1<?xml version="1.0" encoding="utf-8"?>
2<manifest xmlns:android="http://schemas.android.com/apk/res/android"
3    package="com.inquallity.daggersandbox"
4    android:versionCode="1"
5    android:versionName="1.0" >
6
7    <uses-sdk
8        android:minSdkVersion="21"
8-->src/main/AndroidManifest.xml
9        android:targetSdkVersion="30" />
9-->src/main/AndroidManifest.xml
10
11    <!-- Permission will be merged into the manifest of the hosting app. -->
12    <!-- Is required to launch foreground extraction service for targetSdkVersion 28+. -->
13    <uses-permission android:name="android.permission.FOREGROUND_SERVICE" />
13-->[com.google.android.play:core:1.8.0] AndroidManifest.xml:8:3-74
13-->[com.google.android.play:core:1.8.0] AndroidManifest.xml:8:20-72
14
15    <application
15-->src/main/AndroidManifest.xml:5:5-23:19
16        android:name="com.inquallity.daggersandbox.App"
16-->src/main/AndroidManifest.xml:6:9-28
17        android:allowBackup="true"
17-->src/main/AndroidManifest.xml:7:9-35
18        android:appComponentFactory="androidx.core.app.CoreComponentFactory"
18-->[androidx.core:core:1.5.0-alpha03] AndroidManifest.xml:24:18-86
19        android:debuggable="true"
19-->[:features:main] AndroidManifest.xml:11:9-34
20        android:icon="@mipmap/ic_launcher"
20-->src/main/AndroidManifest.xml:8:9-43
21        android:label="@string/app_name"
21-->src/main/AndroidManifest.xml:9:9-41
22        android:roundIcon="@mipmap/ic_launcher_round"
22-->src/main/AndroidManifest.xml:10:9-54
23        android:supportsRtl="true"
23-->src/main/AndroidManifest.xml:11:9-35
24        android:testOnly="true"
24-->[:features:main] AndroidManifest.xml:12:9-32
25        android:theme="@style/AppTheme" >
25-->src/main/AndroidManifest.xml:12:9-40
26        <activity
26-->src/main/AndroidManifest.xml:13:9-22:20
27            android:name="com.inquallity.daggersandbox.BootstrapActivity"
27-->src/main/AndroidManifest.xml:14:13-46
28            android:label="@string/app_name"
28-->src/main/AndroidManifest.xml:15:13-45
29            android:theme="@style/AppTheme.NoActionBar" >
29-->src/main/AndroidManifest.xml:16:13-56
30            <intent-filter>
30-->src/main/AndroidManifest.xml:17:13-21:29
31                <action android:name="android.intent.action.MAIN" />
31-->src/main/AndroidManifest.xml:18:17-69
31-->src/main/AndroidManifest.xml:18:25-66
32
33                <category android:name="android.intent.category.LAUNCHER" />
33-->src/main/AndroidManifest.xml:20:17-77
33-->src/main/AndroidManifest.xml:20:27-74
34            </intent-filter>
35        </activity>
36        <!-- The activities will be merged into the manifest of the hosting app. -->
37        <activity
37-->[com.google.android.play:core:1.8.0] AndroidManifest.xml:12:5-271
38            android:name="com.google.android.play.core.missingsplits.PlayCoreMissingSplitsActivity"
38-->[com.google.android.play:core:1.8.0] AndroidManifest.xml:12:15-102
39            android:enabled="false"
39-->[com.google.android.play:core:1.8.0] AndroidManifest.xml:12:103-126
40            android:exported="false"
40-->[com.google.android.play:core:1.8.0] AndroidManifest.xml:12:127-151
41            android:launchMode="singleInstance"
41-->[com.google.android.play:core:1.8.0] AndroidManifest.xml:12:204-239
42            android:process=":playcore_missing_splits_activity"
42-->[com.google.android.play:core:1.8.0] AndroidManifest.xml:12:152-203
43            android:stateNotNeeded="true" />
43-->[com.google.android.play:core:1.8.0] AndroidManifest.xml:12:240-269
44        <activity
44-->[com.google.android.play:core:1.8.0] AndroidManifest.xml:13:5-226
45            android:name="com.google.android.play.core.common.PlayCoreDialogWrapperActivity"
45-->[com.google.android.play:core:1.8.0] AndroidManifest.xml:13:15-95
46            android:enabled="false"
46-->[com.google.android.play:core:1.8.0] AndroidManifest.xml:13:96-119
47            android:exported="false"
47-->[com.google.android.play:core:1.8.0] AndroidManifest.xml:13:120-144
48            android:stateNotNeeded="true"
48-->[com.google.android.play:core:1.8.0] AndroidManifest.xml:13:145-174
49            android:theme="@style/Theme.PlayCore.Transparent" /> <!-- The service will be merged into the manifest of the hosting app. -->
49-->[com.google.android.play:core:1.8.0] AndroidManifest.xml:13:175-224
50        <service
50-->[com.google.android.play:core:1.8.0] AndroidManifest.xml:16:5-145
51            android:name="com.google.android.play.core.assetpacks.AssetPackExtractionService"
51-->[com.google.android.play:core:1.8.0] AndroidManifest.xml:16:14-95
52            android:enabled="false"
52-->[com.google.android.play:core:1.8.0] AndroidManifest.xml:16:96-119
53            android:exported="true" />
53-->[com.google.android.play:core:1.8.0] AndroidManifest.xml:16:120-143
54
55        <activity android:name="com.inquallity.daggersandbox.main.MainActivity" />
55-->[:features:main] AndroidManifest.xml:13:9-15:40
55-->[:features:main] AndroidManifest.xml:14:13-74
56    </application>
57
58</manifest>